client 2024-07-25 14:06:24,401 [INFO] Creating output directory '/server/external/krai/krai_katya/work_collection/experiments/generated_by_power_measurement_on_run_ef01aae59363458c88f6a7f3b5bd9ca9/power_logs'
client 2024-07-25 14:06:24,401 [INFO] Sending command to the server: 'mlcommons/power client v3'
client 2024-07-25 14:06:24,402 [INFO] Got response: 'mlcommons/power server v3'
client 2024-07-25 14:06:24,402 [INFO] Synchronizing with the server and with time.google.com...
client 2024-07-25 14:06:24,426 [INFO] NTP:offset = 0.001 s, delay = 0.022 s 
client 2024-07-25 14:06:24,426 [INFO] Sending command to the server: 'time'
client 2024-07-25 14:06:24,427 [INFO] Got response: '1721930784.424226'
client 2024-07-25 14:06:24,427 [INFO] The time difference between the client and the server is within range 2.653 ms..3.652 ms
client 2024-07-25 14:06:24,428 [INFO] Sending command to the server: 'new,,42e88d06-6ddc-4f08-894d-2e327cd037ef'
client 2024-07-25 14:06:24,429 [INFO] Got response: 'OK 2024-07-25_14-06-24,6437f2a0-bca5-4023-95a7-257e7849665a'
client 2024-07-25 14:06:24,429 [INFO] Session id is '2024-07-25_14-06-24'
client 2024-07-25 14:06:24,429 [INFO] Sources: {"sources": {"__init__.py": "da39a3ee5e6b4b0d3255bfef95601890afd80709", "client.py": "33ca4f26368777ac06e01f9567b714a4b8063886", "lib/__init__.py": "da39a3ee5e6b4b0d3255bfef95601890afd80709", "lib/client.py": "ac2aa093c8e8bbc9569b9e2a3471bc64e58a2258", "lib/common.py": "611d8b29633d331eb19c9455ea3b5fa3284ed6df", "lib/external/__init__.py": "da39a3ee5e6b4b0d3255bfef95601890afd80709", "lib/external/ntplib.py": "4da8f970656505a40483206ef2b5d3dd5e81711d", "lib/server.py": "99303c836c683aa9017ec565104e636161d02acb", "lib/source_hashes.py": "60a2e02193209e8d392803326208d5466342da18", "lib/summary.py": "aa92f0a3f975eecd44d3c0cd0236342ccc9f941d", "lib/time_sync.py": "80894ef2389e540781ff78de94db16aa4203a14e", "server.py": "c3f90f2f7eeb4db30727556d0c815ebc89b3d28b", "tests/unit/__init__.py": "da39a3ee5e6b4b0d3255bfef95601890afd80709", "tests/unit/test_server.py": "948c1995d4008bc2aa6c4046a34ffa3858d6d671", "tests/unit/test_source_hashes.py": "00468a2907583c593e6574a1f6b404e4651c221a"}, "modules": {"ptd_client_server.lib.client": "lib/client.py", "ptd_client_server.lib.common": "lib/common.py", "ptd_client_server.lib.external.ntplib": "lib/external/ntplib.py", "ptd_client_server.lib.source_hashes": "lib/source_hashes.py", "ptd_client_server.lib.summary": "lib/summary.py", "ptd_client_server.lib.time_sync": "lib/time_sync.py"}}
client 2024-07-25 14:06:24,429 [INFO] Running workload in ranging mode
client 2024-07-25 14:06:24,429 [INFO] Synchronizing with the server and with time.google.com...
client 2024-07-25 14:06:24,455 [INFO] NTP:offset = -0.000 s, delay = 0.024 s 
client 2024-07-25 14:06:24,455 [INFO] Sending command to the server: 'time'
client 2024-07-25 14:06:24,456 [INFO] Got response: '1721930784.4528992'
client 2024-07-25 14:06:24,456 [INFO] The time difference between the client and the server is within range 2.743 ms..3.548 ms
client 2024-07-25 14:06:24,456 [INFO] Sending command to the server: 'session,2024-07-25_14-06-24,start,ranging'
client 2024-07-25 14:06:47,533 [INFO] Got response: 'OK'
client 2024-07-25 14:06:47,533 [INFO] Sending command to the server: 'time'
client 2024-07-25 14:06:47,533 [INFO] Got response: '1721930807.5305047'
client 2024-07-25 14:06:47,534 [INFO] The time difference between the client and the server is within range 2.985 ms..3.558 ms
client 2024-07-25 14:06:47,534 [INFO] Running the workload 'axs byquery loadgen_output,framework=kilt,task=image_classification,sut_name=r760_u6_slim,device=uai,collection_name=experiments,loadgen_mode=PerformanceOnly,loadgen_compliance_test-,loadgen_scenario=Server,model_name=resnet50,loadgen_target_qps=310000,_with_power+,symlink_to=/server/external/krai/krai_katya/work_collection/experiments/generated_by_power_measurement_on_run_ef01aae59363458c88f6a7f3b5bd9ca9/last_mlperf_logs,power_client_entrydic_path=/server/external/krai/krai_katya/work_collection/experiments/generated_by_power_measurement_on_run_ef01aae59363458c88f6a7f3b5bd9ca9/program_output.json,effective_no_ranging-'
client 2024-07-25 14:26:00,849 [INFO] Sending command to the server: 'time'
client 2024-07-25 14:26:00,851 [INFO] Got response: '1721931960.8494933'
client 2024-07-25 14:26:00,851 [INFO] The time difference between the client and the server is within range 0.441 ms..2.010 ms
client 2024-07-25 14:26:00,851 [INFO] Sending command to the server: 'session,2024-07-25_14-06-24,stop,ranging'
client 2024-07-25 14:26:11,618 [INFO] Got response: 'OK'
client 2024-07-25 14:26:11,618 [INFO] Sending command to the server: 'time'
client 2024-07-25 14:26:11,618 [INFO] Got response: '1721931971.6171427'
client 2024-07-25 14:26:11,618 [INFO] The time difference between the client and the server is within range 1.287 ms..1.670 ms
client 2024-07-25 14:26:11,627 [INFO] Copying loadgen logs from '/server/external/krai/krai_katya/work_collection/experiments/generated_by_power_measurement_on_run_ef01aae59363458c88f6a7f3b5bd9ca9/last_mlperf_logs' to '/server/external/krai/krai_katya/work_collection/experiments/generated_by_power_measurement_on_run_ef01aae59363458c88f6a7f3b5bd9ca9/power_logs/ranging'
client 2024-07-25 14:26:11,628 [INFO] Running workload in testing mode
client 2024-07-25 14:26:11,628 [INFO] Synchronizing with the server and with time.google.com...
client 2024-07-25 14:26:11,668 [INFO] NTP:offset = 0.002 s, delay = 0.022 s 
client 2024-07-25 14:26:11,668 [INFO] Sending command to the server: 'time'
client 2024-07-25 14:26:11,669 [INFO] Got response: '1721931971.667466'
client 2024-07-25 14:26:11,669 [INFO] The time difference between the client and the server is within range 0.898 ms..1.734 ms
client 2024-07-25 14:26:11,669 [INFO] Sending command to the server: 'session,2024-07-25_14-06-24,start,testing'
client 2024-07-25 14:26:24,684 [INFO] Got response: 'OK'
client 2024-07-25 14:26:24,685 [INFO] Sending command to the server: 'time'
client 2024-07-25 14:26:24,686 [INFO] Got response: '1721931984.6844726'
client 2024-07-25 14:26:24,686 [INFO] The time difference between the client and the server is within range 0.672 ms..1.885 ms
client 2024-07-25 14:26:24,686 [INFO] Running the workload 'axs byquery loadgen_output,framework=kilt,task=image_classification,sut_name=r760_u6_slim,device=uai,collection_name=experiments,loadgen_mode=PerformanceOnly,loadgen_compliance_test-,loadgen_scenario=Server,model_name=resnet50,loadgen_target_qps=310000,_with_power+,symlink_to=/server/external/krai/krai_katya/work_collection/experiments/generated_by_power_measurement_on_run_ef01aae59363458c88f6a7f3b5bd9ca9/last_mlperf_logs,power_client_entrydic_path=/server/external/krai/krai_katya/work_collection/experiments/generated_by_power_measurement_on_run_ef01aae59363458c88f6a7f3b5bd9ca9/program_output.json,effective_no_ranging-'
client 2024-07-25 14:45:39,407 [INFO] Sending command to the server: 'time'
client 2024-07-25 14:45:39,409 [INFO] Got response: '1721933139.4083915'
client 2024-07-25 14:45:39,409 [INFO] The time difference between the client and the server is within range -0.671 ms..0.800 ms
client 2024-07-25 14:45:39,409 [INFO] Sending command to the server: 'session,2024-07-25_14-06-24,stop,testing'
client 2024-07-25 14:45:49,743 [INFO] Got response: 'OK'
client 2024-07-25 14:45:49,744 [INFO] Sending command to the server: 'time'
client 2024-07-25 14:45:49,744 [INFO] Got response: '1721933149.7442942'
client 2024-07-25 14:45:49,744 [INFO] The time difference between the client and the server is within range -0.270 ms..0.626 ms
client 2024-07-25 14:45:49,746 [INFO] Copying loadgen logs from '/server/external/krai/krai_katya/work_collection/experiments/generated_by_power_measurement_on_run_ef01aae59363458c88f6a7f3b5bd9ca9/last_mlperf_logs' to '/server/external/krai/krai_katya/work_collection/experiments/generated_by_power_measurement_on_run_ef01aae59363458c88f6a7f3b5bd9ca9/power_logs/run_1'
client 2024-07-25 14:45:49,747 [INFO] Done runs
