client 2024-07-23 09:27:46,781 [INFO] Creating output directory '/server/external/krai/krai_katya/work_collection/generated_by_power_measurement_on_run_da3b9f2262bd4cf4be0c15c82b87b4c6/power_logs'
client 2024-07-23 09:27:46,782 [INFO] Sending command to the server: 'mlcommons/power client v3'
client 2024-07-23 09:27:46,783 [INFO] Got response: 'mlcommons/power server v3'
client 2024-07-23 09:27:46,783 [INFO] Synchronizing with the server and with time.google.com...
client 2024-07-23 09:27:46,838 [INFO] NTP:offset = -0.000 s, delay = 0.031 s 
client 2024-07-23 09:27:46,838 [INFO] Sending command to the server: 'time'
client 2024-07-23 09:27:46,839 [INFO] Got response: '1721741266.8361564'
client 2024-07-23 09:27:46,839 [INFO] The time difference between the client and the server is within range 2.277 ms..3.574 ms
client 2024-07-23 09:27:46,839 [INFO] Sending command to the server: 'new,,a915bb05-ab3a-4d19-a9e9-1026ecec8d73'
client 2024-07-23 09:27:46,841 [INFO] Got response: 'OK 2024-07-23_09-27-46,46a7fc9f-13fb-471b-ba51-92d6fa52698f'
client 2024-07-23 09:27:46,841 [INFO] Session id is '2024-07-23_09-27-46'
client 2024-07-23 09:27:46,841 [INFO] Sources: {"sources": {"__init__.py": "da39a3ee5e6b4b0d3255bfef95601890afd80709", "client.py": "33ca4f26368777ac06e01f9567b714a4b8063886", "lib/__init__.py": "da39a3ee5e6b4b0d3255bfef95601890afd80709", "lib/client.py": "ac2aa093c8e8bbc9569b9e2a3471bc64e58a2258", "lib/common.py": "611d8b29633d331eb19c9455ea3b5fa3284ed6df", "lib/external/__init__.py": "da39a3ee5e6b4b0d3255bfef95601890afd80709", "lib/external/ntplib.py": "4da8f970656505a40483206ef2b5d3dd5e81711d", "lib/server.py": "99303c836c683aa9017ec565104e636161d02acb", "lib/source_hashes.py": "60a2e02193209e8d392803326208d5466342da18", "lib/summary.py": "aa92f0a3f975eecd44d3c0cd0236342ccc9f941d", "lib/time_sync.py": "80894ef2389e540781ff78de94db16aa4203a14e", "server.py": "c3f90f2f7eeb4db30727556d0c815ebc89b3d28b", "tests/unit/__init__.py": "da39a3ee5e6b4b0d3255bfef95601890afd80709", "tests/unit/test_server.py": "948c1995d4008bc2aa6c4046a34ffa3858d6d671", "tests/unit/test_source_hashes.py": "00468a2907583c593e6574a1f6b404e4651c221a"}, "modules": {"ptd_client_server.lib.client": "lib/client.py", "ptd_client_server.lib.common": "lib/common.py", "ptd_client_server.lib.external.ntplib": "lib/external/ntplib.py", "ptd_client_server.lib.source_hashes": "lib/source_hashes.py", "ptd_client_server.lib.summary": "lib/summary.py", "ptd_client_server.lib.time_sync": "lib/time_sync.py"}}
client 2024-07-23 09:27:46,841 [INFO] Running workload in ranging mode
client 2024-07-23 09:27:46,841 [INFO] Synchronizing with the server and with time.google.com...
client 2024-07-23 09:27:46,873 [INFO] NTP:offset = 0.000 s, delay = 0.030 s 
client 2024-07-23 09:27:46,873 [INFO] Sending command to the server: 'time'
client 2024-07-23 09:27:46,874 [INFO] Got response: '1721741266.871519'
client 2024-07-23 09:27:46,875 [INFO] The time difference between the client and the server is within range 2.229 ms..3.556 ms
client 2024-07-23 09:27:46,875 [INFO] Sending command to the server: 'session,2024-07-23_09-27-46,start,ranging'
client 2024-07-23 09:28:09,888 [INFO] Got response: 'OK'
client 2024-07-23 09:28:09,889 [INFO] Sending command to the server: 'time'
client 2024-07-23 09:28:09,890 [INFO] Got response: '1721741289.8867602'
client 2024-07-23 09:28:09,890 [INFO] The time difference between the client and the server is within range 2.351 ms..3.529 ms
client 2024-07-23 09:28:09,890 [INFO] Running the workload 'axs byquery loadgen_output,framework=kilt,task=image_classification,sut_name=h13_u3_slim,device=uai,loadgen_mode=PerformanceOnly,loadgen_compliance_test-,loadgen_scenario=Offline,model_name=resnet50,governor_powersave_set+,DIMM=4,final+,_with_power+,symlink_to=/server/external/krai/krai_katya/work_collection/generated_by_power_measurement_on_run_da3b9f2262bd4cf4be0c15c82b87b4c6/last_mlperf_logs,power_client_entrydic_path=/server/external/krai/krai_katya/work_collection/generated_by_power_measurement_on_run_da3b9f2262bd4cf4be0c15c82b87b4c6/program_output.json,effective_no_ranging-'
client 2024-07-23 09:43:15,346 [INFO] Sending command to the server: 'time'
client 2024-07-23 09:43:15,348 [INFO] Got response: '1721742195.3446486'
client 2024-07-23 09:43:15,348 [INFO] The time difference between the client and the server is within range 2.290 ms..3.686 ms
client 2024-07-23 09:43:15,348 [INFO] Sending command to the server: 'session,2024-07-23_09-27-46,stop,ranging'
client 2024-07-23 09:43:25,958 [INFO] Got response: 'OK'
client 2024-07-23 09:43:25,959 [INFO] Sending command to the server: 'time'
client 2024-07-23 09:43:25,959 [INFO] Got response: '1721742205.9564614'
client 2024-07-23 09:43:25,959 [INFO] The time difference between the client and the server is within range 2.678 ms..3.448 ms
client 2024-07-23 09:43:25,965 [INFO] Copying loadgen logs from '/server/external/krai/krai_katya/work_collection/generated_by_power_measurement_on_run_da3b9f2262bd4cf4be0c15c82b87b4c6/last_mlperf_logs' to '/server/external/krai/krai_katya/work_collection/generated_by_power_measurement_on_run_da3b9f2262bd4cf4be0c15c82b87b4c6/power_logs/ranging'
client 2024-07-23 09:43:25,966 [INFO] Running workload in testing mode
client 2024-07-23 09:43:25,966 [INFO] Synchronizing with the server and with time.google.com...
client 2024-07-23 09:43:25,999 [INFO] NTP:offset = 0.000 s, delay = 0.031 s 
client 2024-07-23 09:43:25,999 [INFO] Sending command to the server: 'time'
client 2024-07-23 09:43:26,000 [INFO] Got response: '1721742205.996722'
client 2024-07-23 09:43:26,000 [INFO] The time difference between the client and the server is within range 2.635 ms..3.531 ms
client 2024-07-23 09:43:26,000 [INFO] Sending command to the server: 'session,2024-07-23_09-27-46,start,testing'
client 2024-07-23 09:43:39,015 [INFO] Got response: 'OK'
client 2024-07-23 09:43:39,016 [INFO] Sending command to the server: 'time'
client 2024-07-23 09:43:39,016 [INFO] Got response: '1721742219.0134327'
client 2024-07-23 09:43:39,017 [INFO] The time difference between the client and the server is within range 2.615 ms..3.598 ms
client 2024-07-23 09:43:39,017 [INFO] Running the workload 'axs byquery loadgen_output,framework=kilt,task=image_classification,sut_name=h13_u3_slim,device=uai,loadgen_mode=PerformanceOnly,loadgen_compliance_test-,loadgen_scenario=Offline,model_name=resnet50,governor_powersave_set+,DIMM=4,final+,_with_power+,symlink_to=/server/external/krai/krai_katya/work_collection/generated_by_power_measurement_on_run_da3b9f2262bd4cf4be0c15c82b87b4c6/last_mlperf_logs,power_client_entrydic_path=/server/external/krai/krai_katya/work_collection/generated_by_power_measurement_on_run_da3b9f2262bd4cf4be0c15c82b87b4c6/program_output.json,effective_no_ranging-'
client 2024-07-23 09:58:44,313 [INFO] Sending command to the server: 'time'
client 2024-07-23 09:58:44,314 [INFO] Got response: '1721743124.3110046'
client 2024-07-23 09:58:44,314 [INFO] The time difference between the client and the server is within range 2.046 ms..3.514 ms
client 2024-07-23 09:58:44,314 [INFO] Sending command to the server: 'session,2024-07-23_09-27-46,stop,testing'
client 2024-07-23 09:58:55,071 [INFO] Got response: 'OK'
client 2024-07-23 09:58:55,071 [INFO] Sending command to the server: 'time'
client 2024-07-23 09:58:55,071 [INFO] Got response: '1721743135.0687144'
client 2024-07-23 09:58:55,072 [INFO] The time difference between the client and the server is within range 2.751 ms..3.365 ms
client 2024-07-23 09:58:55,073 [INFO] Copying loadgen logs from '/server/external/krai/krai_katya/work_collection/generated_by_power_measurement_on_run_da3b9f2262bd4cf4be0c15c82b87b4c6/last_mlperf_logs' to '/server/external/krai/krai_katya/work_collection/generated_by_power_measurement_on_run_da3b9f2262bd4cf4be0c15c82b87b4c6/power_logs/run_1'
client 2024-07-23 09:58:55,073 [INFO] Done runs
